<?xml version="1.0" encoding="UTF-8"?>
<!-- Generated by org.testng.reporters.JUnitXMLReporter -->
<testsuite ignored="0" hostname="Micgael-PC" failures="0" tests="3" name="Command line test" time="310.983" errors="0" timestamp="2022-05-28T00:07:57 SAST">
  <testcase classname="example.NewTest" name="testEasy" time="67.924"/>
  <testcase classname="testTwo.TestLogin" name="test_Home_Appear_Correct" time="18.017"/>
  <testcase classname="testTwo.TestLoginPageFactory" name="test_Home_Page_Appear_Correct" time="21.845"/>
</testsuite> <!-- Command line test -->
