<?xml version="1.0" encoding="UTF-8"?>
<testng-results ignored="0" total="3" passed="3" failed="0" skipped="0">
  <reporter-output>
  </reporter-output>
  <suite started-at="2022-05-28T00:02:46 SAST" name="Command line suite" finished-at="2022-05-28T00:07:57 SAST" duration-ms="310983">
    <groups>
    </groups>
    <test started-at="2022-05-28T00:02:46 SAST" name="Command line test" finished-at="2022-05-28T00:07:57 SAST" duration-ms="310983">
      <class name="testTwo.TestLoginPageFactory">
        <test-method is-config="true" signature="setup()[pri:0, instance:testTwo.TestLoginPageFactory@50a7bc6e]" started-at="2022-05-28T00:04:50 SAST" name="setup" finished-at="2022-05-28T00:06:05 SAST" duration-ms="74835" status="PASS">
          <reporter-output>
          </reporter-output>
        </test-method> <!-- setup -->
        <test-method signature="test_Home_Page_Appear_Correct()[pri:0, instance:testTwo.TestLoginPageFactory@50a7bc6e]" started-at="2022-05-28T00:07:31 SAST" name="test_Home_Page_Appear_Correct" finished-at="2022-05-28T00:07:53 SAST" duration-ms="21845" status="PASS">
          <reporter-output>
          </reporter-output>
        </test-method> <!-- test_Home_Page_Appear_Correct -->
      </class> <!-- testTwo.TestLoginPageFactory -->
      <class name="example.NewTest">
        <test-method is-config="true" signature="beforeTest()[pri:0, instance:example.NewTest@2aece37d]" started-at="2022-05-28T00:02:46 SAST" name="beforeTest" finished-at="2022-05-28T00:04:02 SAST" duration-ms="75724" status="PASS">
          <reporter-output>
          </reporter-output>
        </test-method> <!-- beforeTest -->
        <test-method signature="testEasy()[pri:0, instance:example.NewTest@2aece37d]" started-at="2022-05-28T00:06:05 SAST" name="testEasy" finished-at="2022-05-28T00:07:13 SAST" duration-ms="67924" status="PASS">
          <reporter-output>
          </reporter-output>
        </test-method> <!-- testEasy -->
        <test-method is-config="true" signature="afterTest()[pri:0, instance:example.NewTest@2aece37d]" started-at="2022-05-28T00:07:53 SAST" name="afterTest" finished-at="2022-05-28T00:07:57 SAST" duration-ms="3770" status="PASS">
          <reporter-output>
          </reporter-output>
        </test-method> <!-- afterTest -->
      </class> <!-- example.NewTest -->
      <class name="testTwo.TestLogin">
        <test-method is-config="true" signature="setup()[pri:0, instance:testTwo.TestLogin@691a7f8f]" started-at="2022-05-28T00:04:02 SAST" name="setup" finished-at="2022-05-28T00:04:50 SAST" duration-ms="48593" status="PASS">
          <reporter-output>
          </reporter-output>
        </test-method> <!-- setup -->
        <test-method signature="test_Home_Appear_Correct()[pri:0, instance:testTwo.TestLogin@691a7f8f]" started-at="2022-05-28T00:07:13 SAST" name="test_Home_Appear_Correct" finished-at="2022-05-28T00:07:31 SAST" duration-ms="18017" status="PASS">
          <reporter-output>
          </reporter-output>
        </test-method> <!-- test_Home_Appear_Correct -->
      </class> <!-- testTwo.TestLogin -->
    </test> <!-- Command line test -->
  </suite> <!-- Command line suite -->
</testng-results>
